['Traceback (most recent call last):\n  File "/var/folders/x3/l43tt5dd3y19dmn0cq8rhm7r0000gq/T/tmp1m5s9sh7/solution_3.py", line 16, in <module>\n    check(add_elements)\n  File "/var/folders/x3/l43tt5dd3y19dmn0cq8rhm7r0000gq/T/tmp1m5s9sh7/solution_3.py", line 15, in check\n    assert candidate([111,21,3,4000,5,6,7,8,9], 4) == 24\nAssertionError\n']