['Traceback (most recent call last):\n  File "/var/folders/x3/l43tt5dd3y19dmn0cq8rhm7r0000gq/T/tmpn0p9ae9t/solution_0.py", line 23, in <module>\n    check(simplify)\n  File "/var/folders/x3/l43tt5dd3y19dmn0cq8rhm7r0000gq/T/tmpn0p9ae9t/solution_0.py", line 22, in check\n    assert candidate("1/5", "5/1") == True, \'test1\'\nAssertionError: test1\n', 'timed out']