['Traceback (most recent call last):\n  File "/var/folders/x3/l43tt5dd3y19dmn0cq8rhm7r0000gq/T/tmp9cg572ml/solution_1.py", line 25, in <module>\n    check(select_words)\n  File "/var/folders/x3/l43tt5dd3y19dmn0cq8rhm7r0000gq/T/tmp9cg572ml/solution_1.py", line 24, in check\n    assert candidate("Mary had a little lamb", 3) == ["Mary", "lamb"], "Second test error: " + str(candidate("Mary had a little lamb", 3))\nAssertionError: Second test error: [\'lamb\', \'Mary\']\n', 'Traceback (most recent call last):\n  File "/var/folders/x3/l43tt5dd3y19dmn0cq8rhm7r0000gq/T/tmp9cg572ml/solution_6.py", line 26, in <module>\n    check(select_words)\n  File "/var/folders/x3/l43tt5dd3y19dmn0cq8rhm7r0000gq/T/tmp9cg572ml/solution_6.py", line 24, in check\n    assert candidate("a b c d e f", 1) == ["b", "c", "d", "f"], "2nd edge test error: " + str(candidate("a b c d e f", 1))\nAssertionError: 2nd edge test error: [\'f\', \'d\', \'c\', \'b\']\n']