['Traceback (most recent call last):\n  File "/var/folders/x3/l43tt5dd3y19dmn0cq8rhm7r0000gq/T/tmpc1k0n9_i/solution_4.py", line 18, in <module>\n    check(add)\n  File "/var/folders/x3/l43tt5dd3y19dmn0cq8rhm7r0000gq/T/tmpc1k0n9_i/solution_4.py", line 17, in check\n    x, y = random.randint(0, 1000), random.randint(0, 1000)\nNameError: name \'random\' is not defined\n', 'Traceback (most recent call last):\n  File "/var/folders/x3/l43tt5dd3y19dmn0cq8rhm7r0000gq/T/tmpc1k0n9_i/solution_5.py", line 16, in <module>\n    check(add)\n  File "/var/folders/x3/l43tt5dd3y19dmn0cq8rhm7r0000gq/T/tmpc1k0n9_i/solution_5.py", line 14, in check\n    assert candidate(x, y) == x + y\nNameError: name \'x\' is not defined\n']