['Traceback (most recent call last):\n  File "/var/folders/x3/l43tt5dd3y19dmn0cq8rhm7r0000gq/T/tmp5suw_cc4/solution_0.py", line 29, in <module>\n    check(select_words)\n  File "/var/folders/x3/l43tt5dd3y19dmn0cq8rhm7r0000gq/T/tmp5suw_cc4/solution_0.py", line 28, in check\n    assert candidate("Mary had a little lamb", 4) == ["little"], "First test error: " + str(candidate("Mary had a little lamb", 4))\nAssertionError: First test error: [\'\', \'little\']\n', 'Traceback (most recent call last):\n  File "/var/folders/x3/l43tt5dd3y19dmn0cq8rhm7r0000gq/T/tmp5suw_cc4/solution_1.py", line 29, in <module>\n    check(select_words)\n  File "/var/folders/x3/l43tt5dd3y19dmn0cq8rhm7r0000gq/T/tmp5suw_cc4/solution_1.py", line 28, in check\n    assert candidate("Mary had a little lamb", 3) == ["Mary", "lamb"], "Second test error: " + str(candidate("Mary had a little lamb", 3))\nAssertionError: Second test error: [\'\', \'Mary\', \'lamb\']\n']