['Traceback (most recent call last):\n  File "/var/folders/x3/l43tt5dd3y19dmn0cq8rhm7r0000gq/T/tmp9ownvlp6/solution_1.py", line 32, in <module>\n    check(select_words)\n  File "/var/folders/x3/l43tt5dd3y19dmn0cq8rhm7r0000gq/T/tmp9ownvlp6/solution_1.py", line 31, in check\n    assert candidate("Mary had a little lamb", 3) == ["Mary", "lamb"], "Second test error: " + str(candidate("Mary had a little lamb", 3))\nAssertionError: Second test error: []\n', 'Traceback (most recent call last):\n  File "/var/folders/x3/l43tt5dd3y19dmn0cq8rhm7r0000gq/T/tmp9ownvlp6/solution_3.py", line 32, in <module>\n    check(select_words)\n  File "/var/folders/x3/l43tt5dd3y19dmn0cq8rhm7r0000gq/T/tmp9ownvlp6/solution_3.py", line 31, in check\n    assert candidate("Hello world", 4) == ["world"], "Fourth test error: " + str(candidate("Hello world", 4))\nAssertionError: Fourth test error: []\n']