['Traceback (most recent call last):\n  File "/var/folders/x3/l43tt5dd3y19dmn0cq8rhm7r0000gq/T/tmpx2i3hop_/solution_0.py", line 41, in <module>\n    check(Strongest_Extension)\n  File "/var/folders/x3/l43tt5dd3y19dmn0cq8rhm7r0000gq/T/tmpx2i3hop_/solution_0.py", line 40, in check\n    assert candidate(\'Watashi\', [\'tEN\', \'niNE\', \'eIGHt8OKe\']) == \'Watashi.eIGHt8OKe\'\n  File "/var/folders/x3/l43tt5dd3y19dmn0cq8rhm7r0000gq/T/tmpx2i3hop_/solution_0.py", line 38, in Strongest_Extension\n    return eval(final_result)\n  File "<string>", line 1, in <module>\nNameError: name \'Watashi\' is not defined\n', 'Traceback (most recent call last):\n  File "/var/folders/x3/l43tt5dd3y19dmn0cq8rhm7r0000gq/T/tmpx2i3hop_/solution_1.py", line 41, in <module>\n    check(Strongest_Extension)\n  File "/var/folders/x3/l43tt5dd3y19dmn0cq8rhm7r0000gq/T/tmpx2i3hop_/solution_1.py", line 40, in check\n    assert candidate(\'Boku123\', [\'nani\', \'NazeDa\', \'YEs.WeCaNe\', \'32145tggg\']) == \'Boku123.YEs.WeCaNe\'\n  File "/var/folders/x3/l43tt5dd3y19dmn0cq8rhm7r0000gq/T/tmpx2i3hop_/solution_1.py", line 38, in Strongest_Extension\n    return eval(final_result)\n  File "<string>", line 1, in <module>\nNameError: name \'Boku123\' is not defined\n']