['Traceback (most recent call last):\n  File "/var/folders/x3/l43tt5dd3y19dmn0cq8rhm7r0000gq/T/tmpdik8i0t1/solution_3.py", line 18, in <module>\n    check(multiply)\n  File "/var/folders/x3/l43tt5dd3y19dmn0cq8rhm7r0000gq/T/tmpdik8i0t1/solution_3.py", line 17, in check\n    assert candidate(14,-15) == 20, "Fourth test error: " + str(candidate(14,-15))\nAssertionError: Fourth test error: -20\n']