['Traceback (most recent call last):\n  File "/var/folders/x3/l43tt5dd3y19dmn0cq8rhm7r0000gq/T/tmpsp5gwcaw/solution_0.py", line 38, in <module>\n    check(fix_spaces)\n  File "/var/folders/x3/l43tt5dd3y19dmn0cq8rhm7r0000gq/T/tmpsp5gwcaw/solution_0.py", line 37, in check\n    assert candidate("Yellow Yellow  Dirty  Fellow") == "Yellow_Yellow__Dirty__Fellow"\n  File "/var/folders/x3/l43tt5dd3y19dmn0cq8rhm7r0000gq/T/tmpsp5gwcaw/solution_0.py", line 35, in fix_spaces\n    exec(new_text)\n  File "<string>", line 1, in <module>\nNameError: name \'Yellow_Yellow__Dirty__Fellow\' is not defined\n', 'Traceback (most recent call last):\n  File "/var/folders/x3/l43tt5dd3y19dmn0cq8rhm7r0000gq/T/tmpsp5gwcaw/solution_1.py", line 38, in <module>\n    check(fix_spaces)\n  File "/var/folders/x3/l43tt5dd3y19dmn0cq8rhm7r0000gq/T/tmpsp5gwcaw/solution_1.py", line 37, in check\n    assert candidate("   Exa 1 2 2 mple") == "-Exa_1_2_2_mple"\n  File "/var/folders/x3/l43tt5dd3y19dmn0cq8rhm7r0000gq/T/tmpsp5gwcaw/solution_1.py", line 35, in fix_spaces\n    exec(new_text)\n  File "<string>", line 1, in <module>\nNameError: name \'Exa_1_2_2_mple\' is not defined\n']