['Traceback (most recent call last):\n  File "/var/folders/x3/l43tt5dd3y19dmn0cq8rhm7r0000gq/T/tmp7qh4bu7v/solution_0.py", line 34, in <module>\n    check(same_chars)\n  File "/var/folders/x3/l43tt5dd3y19dmn0cq8rhm7r0000gq/T/tmp7qh4bu7v/solution_0.py", line 33, in check\n    assert candidate(\'eabcdzzzz\', \'dddzzzzzzzddeddabc\') == True\nTypeError: same_chars() takes 1 positional argument but 2 were given\n', 'Traceback (most recent call last):\n  File "/var/folders/x3/l43tt5dd3y19dmn0cq8rhm7r0000gq/T/tmp7qh4bu7v/solution_1.py", line 34, in <module>\n    check(same_chars)\n  File "/var/folders/x3/l43tt5dd3y19dmn0cq8rhm7r0000gq/T/tmp7qh4bu7v/solution_1.py", line 33, in check\n    assert candidate(\'abcd\', \'dddddddabc\') == True\nTypeError: same_chars() takes 1 positional argument but 2 were given\n']