['Traceback (most recent call last):\n  File "/var/folders/x3/l43tt5dd3y19dmn0cq8rhm7r0000gq/T/tmp45ktphvr/solution_0.py", line 23, in <module>\n    check(multiply)\n  File "/var/folders/x3/l43tt5dd3y19dmn0cq8rhm7r0000gq/T/tmp45ktphvr/solution_0.py", line 22, in check\n    assert candidate(148, 412) == 16, "First test error: " + str(candidate(148, 412))\nAssertionError: First test error: 4\n', 'Traceback (most recent call last):\n  File "/var/folders/x3/l43tt5dd3y19dmn0cq8rhm7r0000gq/T/tmp45ktphvr/solution_1.py", line 23, in <module>\n    check(multiply)\n  File "/var/folders/x3/l43tt5dd3y19dmn0cq8rhm7r0000gq/T/tmp45ktphvr/solution_1.py", line 22, in check\n    assert candidate(19, 28) == 72, "Second test error: " + str(candidate(19, 28))\nAssertionError: Second test error: 64\n']