['Traceback (most recent call last):\n  File "/var/folders/x3/l43tt5dd3y19dmn0cq8rhm7r0000gq/T/tmpdv4gszky/solution_0.py", line 37, in <module>\n    check(digits)\n  File "/var/folders/x3/l43tt5dd3y19dmn0cq8rhm7r0000gq/T/tmpdv4gszky/solution_0.py", line 36, in check\n    assert candidate(5) == 5\n  File "/var/folders/x3/l43tt5dd3y19dmn0cq8rhm7r0000gq/T/tmpdv4gszky/solution_0.py", line 34, in digits\n    return 0 if πωθ == 1 else πωυθ\nNameError: name \'πωθ\' is not defined\n', 'Traceback (most recent call last):\n  File "/var/folders/x3/l43tt5dd3y19dmn0cq8rhm7r0000gq/T/tmpdv4gszky/solution_1.py", line 37, in <module>\n    check(digits)\n  File "/var/folders/x3/l43tt5dd3y19dmn0cq8rhm7r0000gq/T/tmpdv4gszky/solution_1.py", line 36, in check\n    assert candidate(54) == 5\n  File "/var/folders/x3/l43tt5dd3y19dmn0cq8rhm7r0000gq/T/tmpdv4gszky/solution_1.py", line 34, in digits\n    return 0 if πωθ == 1 else πωυθ\nNameError: name \'πωθ\' is not defined\n']