['Traceback (most recent call last):\n  File "/var/folders/x3/l43tt5dd3y19dmn0cq8rhm7r0000gq/T/tmpe1qx2bo_/solution_0.py", line 18, in <module>\n    check(make_a_pile)\n  File "/var/folders/x3/l43tt5dd3y19dmn0cq8rhm7r0000gq/T/tmpe1qx2bo_/solution_0.py", line 17, in check\n    assert candidate(3) == [3, 5, 7]\n  File "/var/folders/x3/l43tt5dd3y19dmn0cq8rhm7r0000gq/T/tmpe1qx2bo_/solution_0.py", line 8, in make_a_pile\n    return GENERATE(0, alpha, [])\n  File "/var/folders/x3/l43tt5dd3y19dmn0cq8rhm7r0000gq/T/tmpe1qx2bo_/solution_0.py", line 14, in GENERATE\n    delta.append(alpha + (2 * bravo))  # Error: alpha undefined here\nNameError: name \'alpha\' is not defined\n', 'Traceback (most recent call last):\n  File "/var/folders/x3/l43tt5dd3y19dmn0cq8rhm7r0000gq/T/tmpe1qx2bo_/solution_1.py", line 18, in <module>\n    check(make_a_pile)\n  File "/var/folders/x3/l43tt5dd3y19dmn0cq8rhm7r0000gq/T/tmpe1qx2bo_/solution_1.py", line 17, in check\n    assert candidate(4) == [4,6,8,10]\n  File "/var/folders/x3/l43tt5dd3y19dmn0cq8rhm7r0000gq/T/tmpe1qx2bo_/solution_1.py", line 8, in make_a_pile\n    return GENERATE(0, alpha, [])\n  File "/var/folders/x3/l43tt5dd3y19dmn0cq8rhm7r0000gq/T/tmpe1qx2bo_/solution_1.py", line 14, in GENERATE\n    delta.append(alpha + (2 * bravo))  # Error: alpha undefined here\nNameError: name \'alpha\' is not defined\n']