['Traceback (most recent call last):\n  File "/var/folders/x3/l43tt5dd3y19dmn0cq8rhm7r0000gq/T/tmp3id4fqwv/solution_0.py", line 92, in <module>\n    check(closest_integer)\n  File "/var/folders/x3/l43tt5dd3y19dmn0cq8rhm7r0000gq/T/tmp3id4fqwv/solution_0.py", line 91, in check\n    assert candidate("10") == 10\n  File "/var/folders/x3/l43tt5dd3y19dmn0cq8rhm7r0000gq/T/tmp3id4fqwv/solution_0.py", line 8, in closest_integer\n    Qn = (lambda z9XyS, PF: (lambda y: y in PF)(z9XyS))(zXF4o)\nTypeError: <lambda>() missing 1 required positional argument: \'PF\'\n', 'Traceback (most recent call last):\n  File "/var/folders/x3/l43tt5dd3y19dmn0cq8rhm7r0000gq/T/tmp3id4fqwv/solution_1.py", line 92, in <module>\n    check(closest_integer)\n  File "/var/folders/x3/l43tt5dd3y19dmn0cq8rhm7r0000gq/T/tmp3id4fqwv/solution_1.py", line 91, in check\n    assert candidate("14.5") == 15\n  File "/var/folders/x3/l43tt5dd3y19dmn0cq8rhm7r0000gq/T/tmp3id4fqwv/solution_1.py", line 8, in closest_integer\n    Qn = (lambda z9XyS, PF: (lambda y: y in PF)(z9XyS))(zXF4o)\nTypeError: <lambda>() missing 1 required positional argument: \'PF\'\n']